[handleMsg]:  {
  key: {
    remoteJid: '573012534405@s.whatsapp.net',
    fromMe: false,
    id: '3AC25F076202A9447F40',
    participant: undefined
  },
  messageTimestamp: 1718166451,
  pushName: 'Katherine Pulido',
  broadcast: false,
  message: Message {
    conversation: 'Hola',
    messageContextInfo: MessageContextInfo {
      deviceListMetadata: [DeviceListMetadata],
      deviceListMetadataVersion: 2
    }
  },
  body: 'Hola',
  from: '573012534405'
}
[QUEUE_SE_ENVIO]:  {
  ref: 'ans_1aa3bfa8-9e7e-4a0c-ad3d-fd7fd0797d2a',
  keyword: 'key_50e5ff50-f3eb-4b16-8656-53468f76da45',
  answer: '**Hola. Bienvenido(a) al Modelo de Recolección de Datos Físicos Territoriales.**\n' +
    '\n' +
    'Al continuar acepta que los datos suministrados por este canal sean verificados y contrastados por el Gobierno conforme a la ley 1581 de 2012, además autoriza el uso de medios electrónicos para comunicaciones y notificaciones oficiales.\n' +
    '\n' +
    '_La información falsa será sancionada legalmente._\n' +
    '\n' +
    '_¿Cómo le puedo ayudar hoy?_',
  options: {
    media: null,
    buttons: [],
    capture: false,
    child: null,
    delay: 0,
    idle: null,
    ref: null,
    nested: [],
    keyword: {},
    callback: false
  },
  refSerialize: 'cbafcacc4074644f2ae2da148f2c50fb'
}
